# JRE version: Java(TM) SE Runtime Environment (8.0_66-b17) (build 1.8.0_66-b17)
# Java VM: Java HotSpot(TM) 64-Bit Server VM (25.66-b17 mixed mode linux-amd64 compressed oops)
Heap:
 PSYoungGen      total 312832K, used 18645K [0x00000000eab00000, 0x00000000ffc00000, 0x0000000100000000)
  eden space 310272K, 6% used [0x00000000eab00000,0x00000000ebd35730,0x00000000fda00000)
  from space 2560K, 0% used [0x00000000fda00000,0x00000000fda00000,0x00000000fdc80000)
  to   space 17408K, 0% used [0x00000000feb00000,0x00000000feb00000,0x00000000ffc00000)
 ParOldGen       total 94720K, used 40738K [0x00000000c0000000, 0x00000000c5c80000, 0x00000000eab00000)
  object space 94720K, 43% used [0x00000000c0000000,0x00000000c27c8850,0x00000000c5c80000)
 Metaspace       used 61108K, capacity 62830K, committed 63104K, reserved 1103872K
  class space    used 7884K, capacity 8246K, committed 8320K, reserved 1048576K
GC Heap History (10 events):
Event: 2730.467 GC heap before
{Heap before GC invocations=25 (full 6):
 PSYoungGen      total 328704K, used 309248K [0x00000000eab00000, 0x00000000fff00000, 0x0000000100000000)
  eden space 309248K, 100% used [0x00000000eab00000,0x00000000fd900000,0x00000000fd900000)
  from space 19456K, 0% used [0x00000000fec00000,0x00000000fec00000,0x00000000fff00000)
  to   space 19456K, 0% used [0x00000000fd900000,0x00000000fd900000,0x00000000fec00000)
 ParOldGen       total 94720K, used 39163K [0x00000000c0000000, 0x00000000c5c80000, 0x00000000eab00000)
  object space 94720K, 41% used [0x00000000c0000000,0x00000000c263ee80,0x00000000c5c80000)
 Metaspace       used 60281K, capacity 61624K, committed 61952K, reserved 1103872K
  class space    used 7803K, capacity 8117K, committed 8192K, reserved 1048576K
Event: 2730.497 GC heap after
Heap after GC invocations=25 (full 6):
 PSYoungGen      total 328704K, used 6623K [0x00000000eab00000, 0x00000000ffe00000, 0x0000000100000000)
  eden space 309248K, 0% used [0x00000000eab00000,0x00000000eab00000,0x00000000fd900000)
  from space 19456K, 34% used [0x00000000fd900000,0x00000000fdf77c60,0x00000000fec00000)
  to   space 18432K, 0% used [0x00000000fec00000,0x00000000fec00000,0x00000000ffe00000)
 ParOldGen       total 94720K, used 39171K [0x00000000c0000000, 0x00000000c5c80000, 0x00000000eab00000)
  object space 94720K, 41% used [0x00000000c0000000,0x00000000c2640e80,0x00000000c5c80000)
 Metaspace       used 60281K, capacity 61624K, committed 61952K, reserved 1103872K
  class space    used 7803K, capacity 8117K, committed 8192K, reserved 1048576K
}
Event: 2741.723 GC heap before
{Heap before GC invocations=26 (full 6):
 PSYoungGen      total 328704K, used 42930K [0x00000000eab00000, 0x00000000ffe00000, 0x0000000100000000)
  eden space 309248K, 11% used [0x00000000eab00000,0x00000000ece74cf8,0x00000000fd900000)
  from space 19456K, 34% used [0x00000000fd900000,0x00000000fdf77c60,0x00000000fec00000)
  to   space 18432K, 0% used [0x00000000fec00000,0x00000000fec00000,0x00000000ffe00000)
 ParOldGen       total 94720K, used 39171K [0x00000000c0000000, 0x00000000c5c80000, 0x00000000eab00000)
  object space 94720K, 41% used [0x00000000c0000000,0x00000000c2640e80,0x00000000c5c80000)
 Metaspace       used 60547K, capacity 61920K, committed 62336K, reserved 1103872K
  class space    used 7830K, capacity 8161K, committed 8320K, reserved 1048576K
Event: 2741.728 GC heap after
Heap after GC invocations=26 (full 6):
 PSYoungGen      total 327680K, used 1465K [0x00000000eab00000, 0x00000000ffd00000, 0x0000000100000000)
  eden space 310272K, 0% used [0x00000000eab00000,0x00000000eab00000,0x00000000fda00000)
  from space 17408K, 8% used [0x00000000fec00000,0x00000000fed6e5b0,0x00000000ffd00000)
  to   space 17920K, 0% used [0x00000000fda00000,0x00000000fda00000,0x00000000feb80000)
 ParOldGen       total 94720K, used 39179K [0x00000000c0000000, 0x00000000c5c80000, 0x00000000eab00000)
  object space 94720K, 41% used [0x00000000c0000000,0x00000000c2642e80,0x00000000c5c80000)
 Metaspace       used 60547K, capacity 61920K, committed 62336K, reserved 1103872K
  class space    used 7830K, capacity 8161K, committed 8320K, reserved 1048576K
}
Event: 2741.729 GC heap before
{Heap before GC invocations=27 (full 7):
 PSYoungGen      total 327680K, used 1465K [0x00000000eab00000, 0x00000000ffd00000, 0x0000000100000000)
  eden space 310272K, 0% used [0x00000000eab00000,0x00000000eab00000,0x00000000fda00000)
  from space 17408K, 8% used [0x00000000fec00000,0x00000000fed6e5b0,0x00000000ffd00000)
  to   space 17920K, 0% used [0x00000000fda00000,0x00000000fda00000,0x00000000feb80000)
 ParOldGen       total 94720K, used 39179K [0x00000000c0000000, 0x00000000c5c80000, 0x00000000eab00000)
  object space 94720K, 41% used [0x00000000c0000000,0x00000000c2642e80,0x00000000c5c80000)
 Metaspace       used 60547K, capacity 61920K, committed 62336K, reserved 1103872K
  class space    used 7830K, capacity 8161K, committed 8320K, reserved 1048576K
Event: 2742.088 GC heap after
Heap after GC invocations=27 (full 7):
 PSYoungGen      total 327680K, used 0K [0x00000000eab00000, 0x00000000ffd00000, 0x0000000100000000)
  eden space 310272K, 0% used [0x00000000eab00000,0x00000000eab00000,0x00000000fda00000)
  from space 17408K, 0% used [0x00000000fec00000,0x00000000fec00000,0x00000000ffd00000)
  to   space 17920K, 0% used [0x00000000fda00000,0x00000000fda00000,0x00000000feb80000)
 ParOldGen       total 94720K, used 39516K [0x00000000c0000000, 0x00000000c5c80000, 0x00000000eab00000)
  object space 94720K, 41% used [0x00000000c0000000,0x00000000c2697018,0x00000000c5c80000)
 Metaspace       used 60547K, capacity 61920K, committed 62336K, reserved 1103872K
  class space    used 7830K, capacity 8161K, committed 8320K, reserved 1048576K
}
Event: 3113.932 GC heap before
{Heap before GC invocations=28 (full 7):
 PSYoungGen      total 327680K, used 229685K [0x00000000eab00000, 0x00000000ffd00000, 0x0000000100000000)
  eden space 310272K, 74% used [0x00000000eab00000,0x00000000f8b4d7d8,0x00000000fda00000)
  from space 17408K, 0% used [0x00000000fec00000,0x00000000fec00000,0x00000000ffd00000)
  to   space 17920K, 0% used [0x00000000fda00000,0x00000000fda00000,0x00000000feb80000)
 ParOldGen       total 94720K, used 39516K [0x00000000c0000000, 0x00000000c5c80000, 0x00000000eab00000)
  object space 94720K, 41% used [0x00000000c0000000,0x00000000c2697018,0x00000000c5c80000)
 Metaspace       used 61057K, capacity 62742K, committed 62848K, reserved 1103872K
  class space    used 7876K, capacity 8238K, committed 8320K, reserved 1048576K
Event: 3113.942 GC heap after
Heap after GC invocations=28 (full 7):
 PSYoungGen      total 312832K, used 2149K [0x00000000eab00000, 0x00000000ffc00000, 0x0000000100000000)
  eden space 310272K, 0% used [0x00000000eab00000,0x00000000eab00000,0x00000000fda00000)
  from space 2560K, 83% used [0x00000000fda00000,0x00000000fdc19638,0x00000000fdc80000)
  to   space 17408K, 0% used [0x00000000feb00000,0x00000000feb00000,0x00000000ffc00000)
 ParOldGen       total 94720K, used 39524K [0x00000000c0000000, 0x00000000c5c80000, 0x00000000eab00000)
  object space 94720K, 41% used [0x00000000c0000000,0x00000000c2699018,0x00000000c5c80000)
 Metaspace       used 61057K, capacity 62742K, committed 62848K, reserved 1103872K
  class space    used 7876K, capacity 8238K, committed 8320K, reserved 1048576K
}
Event: 3113.942 GC heap before
{Heap before GC invocations=29 (full 8):
 PSYoungGen      total 312832K, used 2149K [0x00000000eab00000, 0x00000000ffc00000, 0x0000000100000000)
  eden space 310272K, 0% used [0x00000000eab00000,0x00000000eab00000,0x00000000fda00000)
  from space 2560K, 83% used [0x00000000fda00000,0x00000000fdc19638,0x00000000fdc80000)
  to   space 17408K, 0% used [0x00000000feb00000,0x00000000feb00000,0x00000000ffc00000)
 ParOldGen       total 94720K, used 39524K [0x00000000c0000000, 0x00000000c5c80000, 0x00000000eab00000)
  object space 94720K, 41% used [0x00000000c0000000,0x00000000c2699018,0x00000000c5c80000)
 Metaspace       used 61057K, capacity 62742K, committed 62848K, reserved 1103872K
  class space    used 7876K, capacity 8238K, committed 8320K, reserved 1048576K
Event: 3114.214 GC heap after
Heap after GC invocations=29 (full 8):
 PSYoungGen      total 312832K, used 0K [0x00000000eab00000, 0x00000000ffc00000, 0x0000000100000000)
  eden space 310272K, 0% used [0x00000000eab00000,0x00000000eab00000,0x00000000fda00000)
  from space 2560K, 0% used [0x00000000fda00000,0x00000000fda00000,0x00000000fdc80000)
  to   space 17408K, 0% used [0x00000000feb00000,0x00000000feb00000,0x00000000ffc00000)
 ParOldGen       total 94720K, used 40738K [0x00000000c0000000, 0x00000000c5c80000, 0x00000000eab00000)
  object space 94720K, 43% used [0x00000000c0000000,0x00000000c27c8850,0x00000000c5c80000)
 Metaspace       used 61057K, capacity 62742K, committed 62848K, reserved 1103872K
  class space    used 7876K, capacity 8238K, committed 8320K, reserved 1048576K
}

