# JRE version: Java(TM) SE Runtime Environment (8.0_66-b17) (build 1.8.0_66-b17)
# Java VM: Java HotSpot(TM) 64-Bit Server VM (25.66-b17 mixed mode linux-amd64 compressed oops)
Heap:
 PSYoungGen      total 323584K, used 152584K [0x00000000eab00000, 0x00000000ffd80000, 0x0000000100000000)
  eden space 316416K, 46% used [0x00000000eab00000,0x00000000f3942080,0x00000000fe000000)
  from space 7168K, 96% used [0x00000000ff680000,0x00000000ffd40010,0x00000000ffd80000)
  to   space 10240K, 0% used [0x00000000fe980000,0x00000000fe980000,0x00000000ff380000)
 ParOldGen       total 96256K, used 46104K [0x00000000c0000000, 0x00000000c5e00000, 0x00000000eab00000)
  object space 96256K, 47% used [0x00000000c0000000,0x00000000c2d06100,0x00000000c5e00000)
 Metaspace       used 69223K, capacity 75530K, committed 75648K, reserved 1116160K
  class space    used 8970K, capacity 9559K, committed 9600K, reserved 1048576K
GC Heap History (10 events):
Event: 4626.436 GC heap before
{Heap before GC invocations=75 (full 26):
 PSYoungGen      total 340480K, used 1488K [0x00000000eab00000, 0x0000000100000000, 0x0000000100000000)
  eden space 332800K, 0% used [0x00000000eab00000,0x00000000eab00000,0x00000000ff000000)
  from space 7680K, 19% used [0x00000000ff000000,0x00000000ff174040,0x00000000ff780000)
  to   space 7680K, 0% used [0x00000000ff880000,0x00000000ff880000,0x0000000100000000)
 ParOldGen       total 96256K, used 44438K [0x00000000c0000000, 0x00000000c5e00000, 0x00000000eab00000)
  object space 96256K, 46% used [0x00000000c0000000,0x00000000c2b65998,0x00000000c5e00000)
 Metaspace       used 68422K, capacity 74540K, committed 74624K, reserved 1114112K
  class space    used 8941K, capacity 9524K, committed 9600K, reserved 1048576K
Event: 4626.702 GC heap after
Heap after GC invocations=75 (full 26):
 PSYoungGen      total 340480K, used 0K [0x00000000eab00000, 0x0000000100000000, 0x0000000100000000)
  eden space 332800K, 0% used [0x00000000eab00000,0x00000000eab00000,0x00000000ff000000)
  from space 7680K, 0% used [0x00000000ff000000,0x00000000ff000000,0x00000000ff780000)
  to   space 7680K, 0% used [0x00000000ff880000,0x00000000ff880000,0x0000000100000000)
 ParOldGen       total 96256K, used 43872K [0x00000000c0000000, 0x00000000c5e00000, 0x00000000eab00000)
  object space 96256K, 45% used [0x00000000c0000000,0x00000000c2ad82e0,0x00000000c5e00000)
 Metaspace       used 68422K, capacity 74540K, committed 74624K, reserved 1114112K
  class space    used 8941K, capacity 9524K, committed 9600K, reserved 1048576K
}
Event: 4892.443 GC heap before
{Heap before GC invocations=76 (full 26):
 PSYoungGen      total 340480K, used 332800K [0x00000000eab00000, 0x0000000100000000, 0x0000000100000000)
  eden space 332800K, 100% used [0x00000000eab00000,0x00000000ff000000,0x00000000ff000000)
  from space 7680K, 0% used [0x00000000ff000000,0x00000000ff000000,0x00000000ff780000)
  to   space 7680K, 0% used [0x00000000ff880000,0x00000000ff880000,0x0000000100000000)
 ParOldGen       total 96256K, used 43872K [0x00000000c0000000, 0x00000000c5e00000, 0x00000000eab00000)
  object space 96256K, 45% used [0x00000000c0000000,0x00000000c2ad82e0,0x00000000c5e00000)
 Metaspace       used 68589K, capacity 74798K, committed 74880K, reserved 1114112K
  class space    used 8953K, capacity 9539K, committed 9600K, reserved 1048576K
Event: 4892.469 GC heap after
Heap after GC invocations=76 (full 26):
 PSYoungGen      total 338432K, used 7664K [0x00000000eab00000, 0x0000000100000000, 0x0000000100000000)
  eden space 330752K, 0% used [0x00000000eab00000,0x00000000eab00000,0x00000000fee00000)
  from space 7680K, 99% used [0x00000000ff880000,0x00000000ffffc090,0x0000000100000000)
  to   space 9216K, 0% used [0x00000000fee00000,0x00000000fee00000,0x00000000ff700000)
 ParOldGen       total 96256K, used 44412K [0x00000000c0000000, 0x00000000c5e00000, 0x00000000eab00000)
  object space 96256K, 46% used [0x00000000c0000000,0x00000000c2b5f2f0,0x00000000c5e00000)
 Metaspace       used 68589K, capacity 74798K, committed 74880K, reserved 1114112K
  class space    used 8953K, capacity 9539K, committed 9600K, reserved 1048576K
}
Event: 4947.096 GC heap before
{Heap before GC invocations=77 (full 26):
 PSYoungGen      total 338432K, used 248846K [0x00000000eab00000, 0x0000000100000000, 0x0000000100000000)
  eden space 330752K, 72% used [0x00000000eab00000,0x00000000f9687ac0,0x00000000fee00000)
  from space 7680K, 99% used [0x00000000ff880000,0x00000000ffffc090,0x0000000100000000)
  to   space 9216K, 0% used [0x00000000fee00000,0x00000000fee00000,0x00000000ff700000)
 ParOldGen       total 96256K, used 44412K [0x00000000c0000000, 0x00000000c5e00000, 0x00000000eab00000)
  object space 96256K, 46% used [0x00000000c0000000,0x00000000c2b5f2f0,0x00000000c5e00000)
 Metaspace       used 69024K, capacity 75232K, committed 75392K, reserved 1116160K
  class space    used 8960K, capacity 9548K, committed 9600K, reserved 1048576K
Event: 4947.115 GC heap after
Heap after GC invocations=77 (full 26):
 PSYoungGen      total 337920K, used 6843K [0x00000000eab00000, 0x0000000100000000, 0x0000000100000000)
  eden space 330752K, 0% used [0x00000000eab00000,0x00000000eab00000,0x00000000fee00000)
  from space 7168K, 95% used [0x00000000fee00000,0x00000000ff4aefa8,0x00000000ff500000)
  to   space 9728K, 0% used [0x00000000ff680000,0x00000000ff680000,0x0000000100000000)
 ParOldGen       total 96256K, used 44420K [0x00000000c0000000, 0x00000000c5e00000, 0x00000000eab00000)
  object space 96256K, 46% used [0x00000000c0000000,0x00000000c2b612f0,0x00000000c5e00000)
 Metaspace       used 69024K, capacity 75232K, committed 75392K, reserved 1116160K
  class space    used 8960K, capacity 9548K, committed 9600K, reserved 1048576K
}
Event: 4947.115 GC heap before
{Heap before GC invocations=78 (full 27):
 PSYoungGen      total 337920K, used 6843K [0x00000000eab00000, 0x0000000100000000, 0x0000000100000000)
  eden space 330752K, 0% used [0x00000000eab00000,0x00000000eab00000,0x00000000fee00000)
  from space 7168K, 95% used [0x00000000fee00000,0x00000000ff4aefa8,0x00000000ff500000)
  to   space 9728K, 0% used [0x00000000ff680000,0x00000000ff680000,0x0000000100000000)
 ParOldGen       total 96256K, used 44420K [0x00000000c0000000, 0x00000000c5e00000, 0x00000000eab00000)
  object space 96256K, 46% used [0x00000000c0000000,0x00000000c2b612f0,0x00000000c5e00000)
 Metaspace       used 69024K, capacity 75232K, committed 75392K, reserved 1116160K
  class space    used 8960K, capacity 9548K, committed 9600K, reserved 1048576K
Event: 4947.521 GC heap after
Heap after GC invocations=78 (full 27):
 PSYoungGen      total 337920K, used 0K [0x00000000eab00000, 0x0000000100000000, 0x0000000100000000)
  eden space 330752K, 0% used [0x00000000eab00000,0x00000000eab00000,0x00000000fee00000)
  from space 7168K, 0% used [0x00000000fee00000,0x00000000fee00000,0x00000000ff500000)
  to   space 9728K, 0% used [0x00000000ff680000,0x00000000ff680000,0x0000000100000000)
 ParOldGen       total 96256K, used 46096K [0x00000000c0000000, 0x00000000c5e00000, 0x00000000eab00000)
  object space 96256K, 47% used [0x00000000c0000000,0x00000000c2d04100,0x00000000c5e00000)
 Metaspace       used 68983K, capacity 75148K, committed 75392K, reserved 1116160K
  class space    used 8956K, capacity 9544K, committed 9600K, reserved 1048576K
}
Event: 6079.603 GC heap before
{Heap before GC invocations=79 (full 27):
 PSYoungGen      total 337920K, used 330752K [0x00000000eab00000, 0x0000000100000000, 0x0000000100000000)
  eden space 330752K, 100% used [0x00000000eab00000,0x00000000fee00000,0x00000000fee00000)
  from space 7168K, 0% used [0x00000000fee00000,0x00000000fee00000,0x00000000ff500000)
  to   space 9728K, 0% used [0x00000000ff680000,0x00000000ff680000,0x0000000100000000)
 ParOldGen       total 96256K, used 46096K [0x00000000c0000000, 0x00000000c5e00000, 0x00000000eab00000)
  object space 96256K, 47% used [0x00000000c0000000,0x00000000c2d04100,0x00000000c5e00000)
 Metaspace       used 69074K, capacity 75382K, committed 75648K, reserved 1116160K
  class space    used 8966K, capacity 9555K, committed 9600K, reserved 1048576K
Event: 6079.628 GC heap after
Heap after GC invocations=79 (full 27):
 PSYoungGen      total 323584K, used 6912K [0x00000000eab00000, 0x00000000ffd80000, 0x0000000100000000)
  eden space 316416K, 0% used [0x00000000eab00000,0x00000000eab00000,0x00000000fe000000)
  from space 7168K, 96% used [0x00000000ff680000,0x00000000ffd40010,0x00000000ffd80000)
  to   space 10240K, 0% used [0x00000000fe980000,0x00000000fe980000,0x00000000ff380000)
 ParOldGen       total 96256K, used 46104K [0x00000000c0000000, 0x00000000c5e00000, 0x00000000eab00000)
  object space 96256K, 47% used [0x00000000c0000000,0x00000000c2d06100,0x00000000c5e00000)
 Metaspace       used 69074K, capacity 75382K, committed 75648K, reserved 1116160K
  class space    used 8966K, capacity 9555K, committed 9600K, reserved 1048576K
}

